CRITICAL - 2022-05-06 19:20:11 --> Call to undefined function app_path()
#0 C:\wamp64\www\mixology\system\View\View.php(210): include()
#1 C:\wamp64\www\mixology\system\View\View.php(213): CodeIgniter\View\View->CodeIgniter\View\{closure}()
#2 C:\wamp64\www\mixology\system\Common.php(1089): CodeIgniter\View\View->render('Views/guestHead...', Array, true)
#3 C:\wamp64\www\mixology\app\Controllers\GuestController.php(9): view('Views/guestHead...')
#4 C:\wamp64\www\mixology\system\CodeIgniter.php(832): App\Controllers\GuestController->index()
#5 C:\wamp64\www\mixology\system\CodeIgniter.php(419): CodeIgniter\CodeIgniter->runController(Object(App\Controllers\GuestController))
#6 C:\wamp64\www\mixology\system\CodeIgniter.php(326): CodeIgniter\CodeIgniter->handleRequest(NULL, Object(Config\Cache), false)
#7 C:\wamp64\www\mixology\public\index.php(37): CodeIgniter\CodeIgniter->run()
#8 {main}
ERROR - 2022-05-06 19:58:29 --> Table 'mixology_database.cockatil' doesn't exist
CRITICAL - 2022-05-06 19:58:29 --> Table 'mixology_database.cockatil' doesn't exist
#0 C:\wamp64\www\mixology\system\Database\MySQLi\Connection.php(292): mysqli->query('SELECT *\nFROM `...', 0)
#1 C:\wamp64\www\mixology\system\Database\BaseConnection.php(670): CodeIgniter\Database\MySQLi\Connection->execute('SELECT *\nFROM `...')
#2 C:\wamp64\www\mixology\system\Database\BaseConnection.php(598): CodeIgniter\Database\BaseConnection->simpleQuery('SELECT *\nFROM `...')
#3 C:\wamp64\www\mixology\system\Database\BaseBuilder.php(1455): CodeIgniter\Database\BaseConnection->query('SELECT *\nFROM `...', Array, false)
#4 C:\wamp64\www\mixology\app\Models\Model.php(17): CodeIgniter\Database\BaseBuilder->get()
#5 C:\wamp64\www\mixology\app\Controllers\GuestController.php(23): App\Models\Model->search()
#6 C:\wamp64\www\mixology\system\CodeIgniter.php(832): App\Controllers\GuestController->search()
#7 C:\wamp64\www\mixology\system\CodeIgniter.php(419): CodeIgniter\CodeIgniter->runController(Object(App\Controllers\GuestController))
#8 C:\wamp64\www\mixology\system\CodeIgniter.php(326): CodeIgniter\CodeIgniter->handleRequest(NULL, Object(Config\Cache), false)
#9 C:\wamp64\www\mixology\public\index.php(37): CodeIgniter\CodeIgniter->run()
#10 {main}
CRITICAL - 2022-05-06 20:22:12 --> Use of undefined constant on - assumed 'on' (this will throw an Error in a future version of PHP)
#0 C:\wamp64\www\mixology\app\Models\Model.php(17): CodeIgniter\Debug\Exceptions->errorHandler(2, 'Use of undefine...', 'C:\\wamp64\\www\\m...', 17, Array)
#1 C:\wamp64\www\mixology\app\Controllers\GuestController.php(24): App\Models\Model->search('on')
#2 C:\wamp64\www\mixology\system\CodeIgniter.php(832): App\Controllers\GuestController->search()
#3 C:\wamp64\www\mixology\system\CodeIgniter.php(419): CodeIgniter\CodeIgniter->runController(Object(App\Controllers\GuestController))
#4 C:\wamp64\www\mixology\system\CodeIgniter.php(326): CodeIgniter\CodeIgniter->handleRequest(NULL, Object(Config\Cache), false)
#5 C:\wamp64\www\mixology\public\index.php(37): CodeIgniter\CodeIgniter->run()
#6 {main}
CRITICAL - 2022-05-06 20:23:47 --> Invalid argument supplied for foreach()
#0 C:\wamp64\www\mixology\app\Views\searchResults.php(168): CodeIgniter\Debug\Exceptions->errorHandler(2, 'Invalid argumen...', 'C:\\wamp64\\www\\m...', 168, Array)
#1 C:\wamp64\www\mixology\system\View\View.php(210): include('C:\\wamp64\\www\\m...')
#2 C:\wamp64\www\mixology\system\View\View.php(213): CodeIgniter\View\View->CodeIgniter\View\{closure}()
#3 C:\wamp64\www\mixology\system\Common.php(1089): CodeIgniter\View\View->render('Views/searchRes...', Array, true)
#4 C:\wamp64\www\mixology\app\Controllers\GuestController.php(11): view('Views/searchRes...', Array)
#5 C:\wamp64\www\mixology\app\Controllers\GuestController.php(25): App\Controllers\GuestController->show('searchResults', Array)
#6 C:\wamp64\www\mixology\system\CodeIgniter.php(832): App\Controllers\GuestController->search()
#7 C:\wamp64\www\mixology\system\CodeIgniter.php(419): CodeIgniter\CodeIgniter->runController(Object(App\Controllers\GuestController))
#8 C:\wamp64\www\mixology\system\CodeIgniter.php(326): CodeIgniter\CodeIgniter->handleRequest(NULL, Object(Config\Cache), false)
#9 C:\wamp64\www\mixology\public\index.php(37): CodeIgniter\CodeIgniter->run()
#10 {main}
CRITICAL - 2022-05-06 20:24:14 --> Invalid argument supplied for foreach()
#0 C:\wamp64\www\mixology\app\Views\searchResults.php(168): CodeIgniter\Debug\Exceptions->errorHandler(2, 'Invalid argumen...', 'C:\\wamp64\\www\\m...', 168, Array)
#1 C:\wamp64\www\mixology\system\View\View.php(210): include('C:\\wamp64\\www\\m...')
#2 C:\wamp64\www\mixology\system\View\View.php(213): CodeIgniter\View\View->CodeIgniter\View\{closure}()
#3 C:\wamp64\www\mixology\system\Common.php(1089): CodeIgniter\View\View->render('Views/searchRes...', Array, true)
#4 C:\wamp64\www\mixology\app\Controllers\GuestController.php(11): view('Views/searchRes...', Array)
#5 C:\wamp64\www\mixology\app\Controllers\GuestController.php(25): App\Controllers\GuestController->show('searchResults', Array)
#6 C:\wamp64\www\mixology\system\CodeIgniter.php(832): App\Controllers\GuestController->search()
#7 C:\wamp64\www\mixology\system\CodeIgniter.php(419): CodeIgniter\CodeIgniter->runController(Object(App\Controllers\GuestController))
#8 C:\wamp64\www\mixology\system\CodeIgniter.php(326): CodeIgniter\CodeIgniter->handleRequest(NULL, Object(Config\Cache), false)
#9 C:\wamp64\www\mixology\public\index.php(37): CodeIgniter\CodeIgniter->run()
#10 {main}
CRITICAL - 2022-05-06 20:26:56 --> Invalid argument supplied for foreach()
#0 C:\wamp64\www\mixology\app\Views\searchResults.php(168): CodeIgniter\Debug\Exceptions->errorHandler(2, 'Invalid argumen...', 'C:\\wamp64\\www\\m...', 168, Array)
#1 C:\wamp64\www\mixology\system\View\View.php(210): include('C:\\wamp64\\www\\m...')
#2 C:\wamp64\www\mixology\system\View\View.php(213): CodeIgniter\View\View->CodeIgniter\View\{closure}()
#3 C:\wamp64\www\mixology\system\Common.php(1089): CodeIgniter\View\View->render('Views/searchRes...', Array, true)
#4 C:\wamp64\www\mixology\app\Controllers\GuestController.php(11): view('Views/searchRes...', Array)
#5 C:\wamp64\www\mixology\app\Controllers\GuestController.php(25): App\Controllers\GuestController->show('searchResults', Array)
#6 C:\wamp64\www\mixology\system\CodeIgniter.php(832): App\Controllers\GuestController->search()
#7 C:\wamp64\www\mixology\system\CodeIgniter.php(419): CodeIgniter\CodeIgniter->runController(Object(App\Controllers\GuestController))
#8 C:\wamp64\www\mixology\system\CodeIgniter.php(326): CodeIgniter\CodeIgniter->handleRequest(NULL, Object(Config\Cache), false)
#9 C:\wamp64\www\mixology\public\index.php(37): CodeIgniter\CodeIgniter->run()
#10 {main}
