CRITICAL - 2022-05-07 05:24:28 --> Undefined variable: cocktails
#0 C:\wamp64\www\mixology\app\Views\search.php(168): CodeIgniter\Debug\Exceptions->errorHandler(8, 'Undefined varia...', 'C:\\wamp64\\www\\m...', 168, Array)
#1 C:\wamp64\www\mixology\system\View\View.php(210): include('C:\\wamp64\\www\\m...')
#2 C:\wamp64\www\mixology\system\View\View.php(213): CodeIgniter\View\View->CodeIgniter\View\{closure}()
#3 C:\wamp64\www\mixology\system\Common.php(1089): CodeIgniter\View\View->render('Views/search', Array, true)
#4 C:\wamp64\www\mixology\app\Controllers\GuestController.php(11): view('Views/search', Array)
#5 C:\wamp64\www\mixology\app\Controllers\GuestController.php(17): App\Controllers\GuestController->show('search', Array)
#6 C:\wamp64\www\mixology\system\CodeIgniter.php(832): App\Controllers\GuestController->index()
#7 C:\wamp64\www\mixology\system\CodeIgniter.php(419): CodeIgniter\CodeIgniter->runController(Object(App\Controllers\GuestController))
#8 C:\wamp64\www\mixology\system\CodeIgniter.php(326): CodeIgniter\CodeIgniter->handleRequest(NULL, Object(Config\Cache), false)
#9 C:\wamp64\www\mixology\public\index.php(37): CodeIgniter\CodeIgniter->run()
#10 {main}
CRITICAL - 2022-05-07 05:24:41 --> Undefined variable: cocktail
#0 C:\wamp64\www\mixology\app\Views\search.php(172): CodeIgniter\Debug\Exceptions->errorHandler(8, 'Undefined varia...', 'C:\\wamp64\\www\\m...', 172, Array)
#1 C:\wamp64\www\mixology\system\View\View.php(210): include('C:\\wamp64\\www\\m...')
#2 C:\wamp64\www\mixology\system\View\View.php(213): CodeIgniter\View\View->CodeIgniter\View\{closure}()
#3 C:\wamp64\www\mixology\system\Common.php(1089): CodeIgniter\View\View->render('Views/search', Array, true)
#4 C:\wamp64\www\mixology\app\Controllers\GuestController.php(11): view('Views/search', Array)
#5 C:\wamp64\www\mixology\app\Controllers\GuestController.php(17): App\Controllers\GuestController->show('search', Array)
#6 C:\wamp64\www\mixology\system\CodeIgniter.php(832): App\Controllers\GuestController->index()
#7 C:\wamp64\www\mixology\system\CodeIgniter.php(419): CodeIgniter\CodeIgniter->runController(Object(App\Controllers\GuestController))
#8 C:\wamp64\www\mixology\system\CodeIgniter.php(326): CodeIgniter\CodeIgniter->handleRequest(NULL, Object(Config\Cache), false)
#9 C:\wamp64\www\mixology\public\index.php(37): CodeIgniter\CodeIgniter->run()
#10 {main}
CRITICAL - 2022-05-07 05:54:41 --> Undefined property: App\Controllers\GuestController::$input
#0 C:\wamp64\www\mixology\app\Controllers\GuestController.php(24): CodeIgniter\Debug\Exceptions->errorHandler(8, 'Undefined prope...', 'C:\\wamp64\\www\\m...', 24, Array)
#1 C:\wamp64\www\mixology\system\CodeIgniter.php(832): App\Controllers\GuestController->search()
#2 C:\wamp64\www\mixology\system\CodeIgniter.php(419): CodeIgniter\CodeIgniter->runController(Object(App\Controllers\GuestController))
#3 C:\wamp64\www\mixology\system\CodeIgniter.php(326): CodeIgniter\CodeIgniter->handleRequest(NULL, Object(Config\Cache), false)
#4 C:\wamp64\www\mixology\public\index.php(37): CodeIgniter\CodeIgniter->run()
#5 {main}
CRITICAL - 2022-05-07 05:55:36 --> Call to undefined method CodeIgniter\HTTP\IncomingRequest::post()
#0 C:\wamp64\www\mixology\system\CodeIgniter.php(832): App\Controllers\GuestController->search()
#1 C:\wamp64\www\mixology\system\CodeIgniter.php(419): CodeIgniter\CodeIgniter->runController(Object(App\Controllers\GuestController))
#2 C:\wamp64\www\mixology\system\CodeIgniter.php(326): CodeIgniter\CodeIgniter->handleRequest(NULL, Object(Config\Cache), false)
#3 C:\wamp64\www\mixology\public\index.php(37): CodeIgniter\CodeIgniter->run()
#4 {main}
CRITICAL - 2022-05-07 05:55:44 --> Invalid argument supplied for foreach()
#0 C:\wamp64\www\mixology\app\Models\Model.php(18): CodeIgniter\Debug\Exceptions->errorHandler(2, 'Invalid argumen...', 'C:\\wamp64\\www\\m...', 18, Array)
#1 C:\wamp64\www\mixology\app\Controllers\GuestController.php(28): App\Models\Model->search(NULL)
#2 C:\wamp64\www\mixology\system\CodeIgniter.php(832): App\Controllers\GuestController->search()
#3 C:\wamp64\www\mixology\system\CodeIgniter.php(419): CodeIgniter\CodeIgniter->runController(Object(App\Controllers\GuestController))
#4 C:\wamp64\www\mixology\system\CodeIgniter.php(326): CodeIgniter\CodeIgniter->handleRequest(NULL, Object(Config\Cache), false)
#5 C:\wamp64\www\mixology\public\index.php(37): CodeIgniter\CodeIgniter->run()
#6 {main}
CRITICAL - 2022-05-07 05:58:11 --> implode(): Invalid arguments passed
#0 [internal function]: CodeIgniter\Debug\Exceptions->errorHandler(2, 'implode(): Inva...', 'C:\\wamp64\\www\\m...', 24, Array)
#1 C:\wamp64\www\mixology\app\Controllers\GuestController.php(24): implode(',', NULL)
#2 C:\wamp64\www\mixology\system\CodeIgniter.php(832): App\Controllers\GuestController->search()
#3 C:\wamp64\www\mixology\system\CodeIgniter.php(419): CodeIgniter\CodeIgniter->runController(Object(App\Controllers\GuestController))
#4 C:\wamp64\www\mixology\system\CodeIgniter.php(326): CodeIgniter\CodeIgniter->handleRequest(NULL, Object(Config\Cache), false)
#5 C:\wamp64\www\mixology\public\index.php(37): CodeIgniter\CodeIgniter->run()
#6 {main}
CRITICAL - 2022-05-07 05:58:39 --> implode(): Invalid arguments passed
#0 [internal function]: CodeIgniter\Debug\Exceptions->errorHandler(2, 'implode(): Inva...', 'C:\\wamp64\\www\\m...', 24, Array)
#1 C:\wamp64\www\mixology\app\Controllers\GuestController.php(24): implode(',', NULL)
#2 C:\wamp64\www\mixology\system\CodeIgniter.php(832): App\Controllers\GuestController->search()
#3 C:\wamp64\www\mixology\system\CodeIgniter.php(419): CodeIgniter\CodeIgniter->runController(Object(App\Controllers\GuestController))
#4 C:\wamp64\www\mixology\system\CodeIgniter.php(326): CodeIgniter\CodeIgniter->handleRequest(NULL, Object(Config\Cache), false)
#5 C:\wamp64\www\mixology\public\index.php(37): CodeIgniter\CodeIgniter->run()
#6 {main}
CRITICAL - 2022-05-07 06:00:35 --> implode(): Invalid arguments passed
#0 [internal function]: CodeIgniter\Debug\Exceptions->errorHandler(2, 'implode(): Inva...', 'C:\\wamp64\\www\\m...', 24, Array)
#1 C:\wamp64\www\mixology\app\Controllers\GuestController.php(24): implode(',', NULL)
#2 C:\wamp64\www\mixology\system\CodeIgniter.php(832): App\Controllers\GuestController->search()
#3 C:\wamp64\www\mixology\system\CodeIgniter.php(419): CodeIgniter\CodeIgniter->runController(Object(App\Controllers\GuestController))
#4 C:\wamp64\www\mixology\system\CodeIgniter.php(326): CodeIgniter\CodeIgniter->handleRequest(NULL, Object(Config\Cache), false)
#5 C:\wamp64\www\mixology\public\index.php(37): CodeIgniter\CodeIgniter->run()
#6 {main}
CRITICAL - 2022-05-07 06:00:45 --> implode(): Invalid arguments passed
#0 [internal function]: CodeIgniter\Debug\Exceptions->errorHandler(2, 'implode(): Inva...', 'C:\\wamp64\\www\\m...', 24, Array)
#1 C:\wamp64\www\mixology\app\Controllers\GuestController.php(24): implode(',', NULL)
#2 C:\wamp64\www\mixology\system\CodeIgniter.php(832): App\Controllers\GuestController->search()
#3 C:\wamp64\www\mixology\system\CodeIgniter.php(419): CodeIgniter\CodeIgniter->runController(Object(App\Controllers\GuestController))
#4 C:\wamp64\www\mixology\system\CodeIgniter.php(326): CodeIgniter\CodeIgniter->handleRequest(NULL, Object(Config\Cache), false)
#5 C:\wamp64\www\mixology\public\index.php(37): CodeIgniter\CodeIgniter->run()
#6 {main}
CRITICAL - 2022-05-07 06:07:21 --> Invalid argument supplied for foreach()
#0 C:\wamp64\www\mixology\app\Models\Model.php(18): CodeIgniter\Debug\Exceptions->errorHandler(2, 'Invalid argumen...', 'C:\\wamp64\\www\\m...', 18, Array)
#1 C:\wamp64\www\mixology\app\Controllers\GuestController.php(26): App\Models\Model->search('Aperol,Vermouth')
#2 C:\wamp64\www\mixology\system\CodeIgniter.php(832): App\Controllers\GuestController->search()
#3 C:\wamp64\www\mixology\system\CodeIgniter.php(419): CodeIgniter\CodeIgniter->runController(Object(App\Controllers\GuestController))
#4 C:\wamp64\www\mixology\system\CodeIgniter.php(326): CodeIgniter\CodeIgniter->handleRequest(NULL, Object(Config\Cache), false)
#5 C:\wamp64\www\mixology\public\index.php(37): CodeIgniter\CodeIgniter->run()
#6 {main}
CRITICAL - 2022-05-07 06:11:57 --> Undefined property: stdClass::$cocktail
#0 C:\wamp64\www\mixology\app\Views\searchResults.php(175): CodeIgniter\Debug\Exceptions->errorHandler(8, 'Undefined prope...', 'C:\\wamp64\\www\\m...', 175, Array)
#1 C:\wamp64\www\mixology\system\View\View.php(210): include('C:\\wamp64\\www\\m...')
#2 C:\wamp64\www\mixology\system\View\View.php(213): CodeIgniter\View\View->CodeIgniter\View\{closure}()
#3 C:\wamp64\www\mixology\system\Common.php(1089): CodeIgniter\View\View->render('Views/searchRes...', Array, true)
#4 C:\wamp64\www\mixology\app\Controllers\GuestController.php(11): view('Views/searchRes...', Array)
#5 C:\wamp64\www\mixology\app\Controllers\GuestController.php(28): App\Controllers\GuestController->show('searchResults', Array)
#6 C:\wamp64\www\mixology\system\CodeIgniter.php(832): App\Controllers\GuestController->search()
#7 C:\wamp64\www\mixology\system\CodeIgniter.php(419): CodeIgniter\CodeIgniter->runController(Object(App\Controllers\GuestController))
#8 C:\wamp64\www\mixology\system\CodeIgniter.php(326): CodeIgniter\CodeIgniter->handleRequest(NULL, Object(Config\Cache), false)
#9 C:\wamp64\www\mixology\public\index.php(37): CodeIgniter\CodeIgniter->run()
#10 {main}
CRITICAL - 2022-05-07 06:20:44 --> syntax error, unexpected '->' (T_OBJECT_OPERATOR)
#0 C:\wamp64\www\mixology\system\Autoloader\Autoloader.php(241): CodeIgniter\Autoloader\Autoloader->includeFile('C:\\wamp64\\www\\m...')
#1 C:\wamp64\www\mixology\system\Autoloader\Autoloader.php(219): CodeIgniter\Autoloader\Autoloader->loadInNamespace('App\\Models\\Mode...')
#2 [internal function]: CodeIgniter\Autoloader\Autoloader->loadClass('App\\Models\\Mode...')
#3 C:\wamp64\www\mixology\app\Controllers\GuestController.php(22): spl_autoload_call('App\\Models\\Mode...')
#4 C:\wamp64\www\mixology\system\CodeIgniter.php(832): App\Controllers\GuestController->search()
#5 C:\wamp64\www\mixology\system\CodeIgniter.php(419): CodeIgniter\CodeIgniter->runController(Object(App\Controllers\GuestController))
#6 C:\wamp64\www\mixology\system\CodeIgniter.php(326): CodeIgniter\CodeIgniter->handleRequest(NULL, Object(Config\Cache), false)
#7 C:\wamp64\www\mixology\public\index.php(37): CodeIgniter\CodeIgniter->run()
#8 {main}
ERROR - 2022-05-07 06:27:40 --> Column 'IdCocktail' in group statement is ambiguous
CRITICAL - 2022-05-07 06:27:40 --> Column 'IdCocktail' in group statement is ambiguous
#0 C:\wamp64\www\mixology\system\Database\MySQLi\Connection.php(292): mysqli->query('SELECT *\nFROM `...', 0)
#1 C:\wamp64\www\mixology\system\Database\BaseConnection.php(670): CodeIgniter\Database\MySQLi\Connection->execute('SELECT *\nFROM `...')
#2 C:\wamp64\www\mixology\system\Database\BaseConnection.php(598): CodeIgniter\Database\BaseConnection->simpleQuery('SELECT *\nFROM `...')
#3 C:\wamp64\www\mixology\system\Database\BaseBuilder.php(1455): CodeIgniter\Database\BaseConnection->query('SELECT *\nFROM `...', Array, false)
#4 C:\wamp64\www\mixology\app\Models\Model.php(25): CodeIgniter\Database\BaseBuilder->get()
#5 C:\wamp64\www\mixology\app\Controllers\GuestController.php(26): App\Models\Model->search(Array)
#6 C:\wamp64\www\mixology\system\CodeIgniter.php(832): App\Controllers\GuestController->search()
#7 C:\wamp64\www\mixology\system\CodeIgniter.php(419): CodeIgniter\CodeIgniter->runController(Object(App\Controllers\GuestController))
#8 C:\wamp64\www\mixology\system\CodeIgniter.php(326): CodeIgniter\CodeIgniter->handleRequest(NULL, Object(Config\Cache), false)
#9 C:\wamp64\www\mixology\public\index.php(37): CodeIgniter\CodeIgniter->run()
#10 {main}
ERROR - 2022-05-07 06:29:00 --> Unknown column 'ngredient.Name' in 'having clause'
CRITICAL - 2022-05-07 06:29:00 --> Unknown column 'ngredient.Name' in 'having clause'
#0 C:\wamp64\www\mixology\system\Database\MySQLi\Connection.php(292): mysqli->query('SELECT *\nFROM `...', 0)
#1 C:\wamp64\www\mixology\system\Database\BaseConnection.php(670): CodeIgniter\Database\MySQLi\Connection->execute('SELECT *\nFROM `...')
#2 C:\wamp64\www\mixology\system\Database\BaseConnection.php(598): CodeIgniter\Database\BaseConnection->simpleQuery('SELECT *\nFROM `...')
#3 C:\wamp64\www\mixology\system\Database\BaseBuilder.php(1455): CodeIgniter\Database\BaseConnection->query('SELECT *\nFROM `...', Array, false)
#4 C:\wamp64\www\mixology\app\Models\Model.php(28): CodeIgniter\Database\BaseBuilder->get()
#5 C:\wamp64\www\mixology\app\Controllers\GuestController.php(26): App\Models\Model->search(Array)
#6 C:\wamp64\www\mixology\system\CodeIgniter.php(832): App\Controllers\GuestController->search()
#7 C:\wamp64\www\mixology\system\CodeIgniter.php(419): CodeIgniter\CodeIgniter->runController(Object(App\Controllers\GuestController))
#8 C:\wamp64\www\mixology\system\CodeIgniter.php(326): CodeIgniter\CodeIgniter->handleRequest(NULL, Object(Config\Cache), false)
#9 C:\wamp64\www\mixology\public\index.php(37): CodeIgniter\CodeIgniter->run()
#10 {main}
CRITICAL - 2022-05-07 06:33:51 --> Undefined offset: 1
#0 C:\wamp64\www\mixology\app\Models\Model.php(25): CodeIgniter\Debug\Exceptions->errorHandler(8, 'Undefined offse...', 'C:\\wamp64\\www\\m...', 25, Array)
#1 C:\wamp64\www\mixology\app\Controllers\GuestController.php(26): App\Models\Model->search(Array)
#2 C:\wamp64\www\mixology\system\CodeIgniter.php(832): App\Controllers\GuestController->search()
#3 C:\wamp64\www\mixology\system\CodeIgniter.php(419): CodeIgniter\CodeIgniter->runController(Object(App\Controllers\GuestController))
#4 C:\wamp64\www\mixology\system\CodeIgniter.php(326): CodeIgniter\CodeIgniter->handleRequest(NULL, Object(Config\Cache), false)
#5 C:\wamp64\www\mixology\public\index.php(37): CodeIgniter\CodeIgniter->run()
#6 {main}
CRITICAL - 2022-05-07 06:49:02 --> implode(): Invalid arguments passed
#0 [internal function]: CodeIgniter\Debug\Exceptions->errorHandler(2, 'implode(): Inva...', 'C:\\wamp64\\www\\m...', 24, Array)
#1 C:\wamp64\www\mixology\app\Controllers\GuestController.php(24): implode(',', NULL)
#2 C:\wamp64\www\mixology\system\CodeIgniter.php(832): App\Controllers\GuestController->search()
#3 C:\wamp64\www\mixology\system\CodeIgniter.php(419): CodeIgniter\CodeIgniter->runController(Object(App\Controllers\GuestController))
#4 C:\wamp64\www\mixology\system\CodeIgniter.php(326): CodeIgniter\CodeIgniter->handleRequest(NULL, Object(Config\Cache), false)
#5 C:\wamp64\www\mixology\public\index.php(37): CodeIgniter\CodeIgniter->run()
#6 {main}
CRITICAL - 2022-05-07 06:55:48 --> syntax error, unexpected '->' (T_OBJECT_OPERATOR)
#0 C:\wamp64\www\mixology\system\Autoloader\Autoloader.php(241): CodeIgniter\Autoloader\Autoloader->includeFile('C:\\wamp64\\www\\m...')
#1 C:\wamp64\www\mixology\system\Autoloader\Autoloader.php(219): CodeIgniter\Autoloader\Autoloader->loadInNamespace('App\\Models\\Mode...')
#2 [internal function]: CodeIgniter\Autoloader\Autoloader->loadClass('App\\Models\\Mode...')
#3 C:\wamp64\www\mixology\app\Controllers\GuestController.php(22): spl_autoload_call('App\\Models\\Mode...')
#4 C:\wamp64\www\mixology\system\CodeIgniter.php(832): App\Controllers\GuestController->search()
#5 C:\wamp64\www\mixology\system\CodeIgniter.php(419): CodeIgniter\CodeIgniter->runController(Object(App\Controllers\GuestController))
#6 C:\wamp64\www\mixology\system\CodeIgniter.php(326): CodeIgniter\CodeIgniter->handleRequest(NULL, Object(Config\Cache), false)
#7 C:\wamp64\www\mixology\public\index.php(37): CodeIgniter\CodeIgniter->run()
#8 {main}
CRITICAL - 2022-05-07 07:19:35 --> implode(): Invalid arguments passed
#0 [internal function]: CodeIgniter\Debug\Exceptions->errorHandler(2, 'implode(): Inva...', 'C:\\wamp64\\www\\m...', 24, Array)
#1 C:\wamp64\www\mixology\app\Controllers\GuestController.php(24): implode(',', NULL)
#2 C:\wamp64\www\mixology\system\CodeIgniter.php(832): App\Controllers\GuestController->search()
#3 C:\wamp64\www\mixology\system\CodeIgniter.php(419): CodeIgniter\CodeIgniter->runController(Object(App\Controllers\GuestController))
#4 C:\wamp64\www\mixology\system\CodeIgniter.php(326): CodeIgniter\CodeIgniter->handleRequest(NULL, Object(Config\Cache), false)
#5 C:\wamp64\www\mixology\public\index.php(37): CodeIgniter\CodeIgniter->run()
#6 {main}
ERROR - 2022-05-07 07:22:59 --> Duplicate column name 'IdCocktail'
CRITICAL - 2022-05-07 07:22:59 --> Duplicate column name 'IdCocktail'
#0 C:\wamp64\www\mixology\system\Database\MySQLi\Connection.php(292): mysqli->query('SELECT COUNT(*)...', 0)
#1 C:\wamp64\www\mixology\system\Database\BaseConnection.php(670): CodeIgniter\Database\MySQLi\Connection->execute('SELECT COUNT(*)...')
#2 C:\wamp64\www\mixology\system\Database\BaseConnection.php(598): CodeIgniter\Database\BaseConnection->simpleQuery('SELECT COUNT(*)...')
#3 C:\wamp64\www\mixology\system\Database\BaseBuilder.php(1539): CodeIgniter\Database\BaseConnection->query('SELECT COUNT(*)...', Array, false)
#4 C:\wamp64\www\mixology\app\Models\Model.php(29): CodeIgniter\Database\BaseBuilder->countAllResults()
#5 C:\wamp64\www\mixology\app\Controllers\GuestController.php(26): App\Models\Model->search(Array)
#6 C:\wamp64\www\mixology\system\CodeIgniter.php(832): App\Controllers\GuestController->search()
#7 C:\wamp64\www\mixology\system\CodeIgniter.php(419): CodeIgniter\CodeIgniter->runController(Object(App\Controllers\GuestController))
#8 C:\wamp64\www\mixology\system\CodeIgniter.php(326): CodeIgniter\CodeIgniter->handleRequest(NULL, Object(Config\Cache), false)
#9 C:\wamp64\www\mixology\public\index.php(37): CodeIgniter\CodeIgniter->run()
#10 {main}
CRITICAL - 2022-05-07 07:41:58 --> Undefined variable: filter
#0 C:\wamp64\www\mixology\app\Models\Model.php(25): CodeIgniter\Debug\Exceptions->errorHandler(8, 'Undefined varia...', 'C:\\wamp64\\www\\m...', 25, Array)
#1 C:\wamp64\www\mixology\app\Controllers\GuestController.php(26): App\Models\Model->search(Array)
#2 C:\wamp64\www\mixology\system\CodeIgniter.php(832): App\Controllers\GuestController->search()
#3 C:\wamp64\www\mixology\system\CodeIgniter.php(419): CodeIgniter\CodeIgniter->runController(Object(App\Controllers\GuestController))
#4 C:\wamp64\www\mixology\system\CodeIgniter.php(326): CodeIgniter\CodeIgniter->handleRequest(NULL, Object(Config\Cache), false)
#5 C:\wamp64\www\mixology\public\index.php(37): CodeIgniter\CodeIgniter->run()
#6 {main}
CRITICAL - 2022-05-07 07:42:07 --> Undefined variable: groupBy
#0 C:\wamp64\www\mixology\app\Models\Model.php(27): CodeIgniter\Debug\Exceptions->errorHandler(8, 'Undefined varia...', 'C:\\wamp64\\www\\m...', 27, Array)
#1 C:\wamp64\www\mixology\app\Controllers\GuestController.php(26): App\Models\Model->search(Array)
#2 C:\wamp64\www\mixology\system\CodeIgniter.php(832): App\Controllers\GuestController->search()
#3 C:\wamp64\www\mixology\system\CodeIgniter.php(419): CodeIgniter\CodeIgniter->runController(Object(App\Controllers\GuestController))
#4 C:\wamp64\www\mixology\system\CodeIgniter.php(326): CodeIgniter\CodeIgniter->handleRequest(NULL, Object(Config\Cache), false)
#5 C:\wamp64\www\mixology\public\index.php(37): CodeIgniter\CodeIgniter->run()
#6 {main}
CRITICAL - 2022-05-07 07:44:13 --> syntax error, unexpected '->' (T_OBJECT_OPERATOR)
#0 C:\wamp64\www\mixology\system\Autoloader\Autoloader.php(241): CodeIgniter\Autoloader\Autoloader->includeFile('C:\\wamp64\\www\\m...')
#1 C:\wamp64\www\mixology\system\Autoloader\Autoloader.php(219): CodeIgniter\Autoloader\Autoloader->loadInNamespace('App\\Models\\Mode...')
#2 [internal function]: CodeIgniter\Autoloader\Autoloader->loadClass('App\\Models\\Mode...')
#3 C:\wamp64\www\mixology\app\Controllers\GuestController.php(22): spl_autoload_call('App\\Models\\Mode...')
#4 C:\wamp64\www\mixology\system\CodeIgniter.php(832): App\Controllers\GuestController->search()
#5 C:\wamp64\www\mixology\system\CodeIgniter.php(419): CodeIgniter\CodeIgniter->runController(Object(App\Controllers\GuestController))
#6 C:\wamp64\www\mixology\system\CodeIgniter.php(326): CodeIgniter\CodeIgniter->handleRequest(NULL, Object(Config\Cache), false)
#7 C:\wamp64\www\mixology\public\index.php(37): CodeIgniter\CodeIgniter->run()
#8 {main}
CRITICAL - 2022-05-07 08:23:55 --> implode(): Invalid arguments passed
#0 [internal function]: CodeIgniter\Debug\Exceptions->errorHandler(2, 'implode(): Inva...', 'C:\\wamp64\\www\\m...', 30, Array)
#1 C:\wamp64\www\mixology\app\Controllers\GuestController.php(30): implode(',', NULL)
#2 C:\wamp64\www\mixology\system\CodeIgniter.php(832): App\Controllers\GuestController->search()
#3 C:\wamp64\www\mixology\system\CodeIgniter.php(419): CodeIgniter\CodeIgniter->runController(Object(App\Controllers\GuestController))
#4 C:\wamp64\www\mixology\system\CodeIgniter.php(326): CodeIgniter\CodeIgniter->handleRequest(NULL, Object(Config\Cache), false)
#5 C:\wamp64\www\mixology\public\index.php(37): CodeIgniter\CodeIgniter->run()
#6 {main}
CRITICAL - 2022-05-07 08:25:39 --> Undefined variable: arrayOfFilters
#0 C:\wamp64\www\mixology\app\Controllers\GuestController.php(33): CodeIgniter\Debug\Exceptions->errorHandler(8, 'Undefined varia...', 'C:\\wamp64\\www\\m...', 33, Array)
#1 C:\wamp64\www\mixology\system\CodeIgniter.php(832): App\Controllers\GuestController->search()
#2 C:\wamp64\www\mixology\system\CodeIgniter.php(419): CodeIgniter\CodeIgniter->runController(Object(App\Controllers\GuestController))
#3 C:\wamp64\www\mixology\system\CodeIgniter.php(326): CodeIgniter\CodeIgniter->handleRequest(NULL, Object(Config\Cache), false)
#4 C:\wamp64\www\mixology\public\index.php(37): CodeIgniter\CodeIgniter->run()
#5 {main}
CRITICAL - 2022-05-07 08:26:39 --> syntax error, unexpected '->' (T_OBJECT_OPERATOR)
#0 C:\wamp64\www\mixology\system\Autoloader\Autoloader.php(241): CodeIgniter\Autoloader\Autoloader->includeFile('C:\\wamp64\\www\\m...')
#1 C:\wamp64\www\mixology\system\Autoloader\Autoloader.php(219): CodeIgniter\Autoloader\Autoloader->loadInNamespace('App\\Models\\Mode...')
#2 [internal function]: CodeIgniter\Autoloader\Autoloader->loadClass('App\\Models\\Mode...')
#3 C:\wamp64\www\mixology\app\Controllers\GuestController.php(22): spl_autoload_call('App\\Models\\Mode...')
#4 C:\wamp64\www\mixology\system\CodeIgniter.php(832): App\Controllers\GuestController->search()
#5 C:\wamp64\www\mixology\system\CodeIgniter.php(419): CodeIgniter\CodeIgniter->runController(Object(App\Controllers\GuestController))
#6 C:\wamp64\www\mixology\system\CodeIgniter.php(326): CodeIgniter\CodeIgniter->handleRequest(NULL, Object(Config\Cache), false)
#7 C:\wamp64\www\mixology\public\index.php(37): CodeIgniter\CodeIgniter->run()
#8 {main}
CRITICAL - 2022-05-07 08:51:08 --> Use of undefined constant DESC - assumed 'DESC' (this will throw an Error in a future version of PHP)
#0 C:\wamp64\www\mixology\app\Models\Model.php(44): CodeIgniter\Debug\Exceptions->errorHandler(2, 'Use of undefine...', 'C:\\wamp64\\www\\m...', 44, Array)
#1 C:\wamp64\www\mixology\app\Controllers\GuestController.php(19): App\Models\Model->getTopRatedCocktails()
#2 C:\wamp64\www\mixology\system\CodeIgniter.php(832): App\Controllers\GuestController->index()
#3 C:\wamp64\www\mixology\system\CodeIgniter.php(419): CodeIgniter\CodeIgniter->runController(Object(App\Controllers\GuestController))
#4 C:\wamp64\www\mixology\system\CodeIgniter.php(326): CodeIgniter\CodeIgniter->handleRequest(NULL, Object(Config\Cache), false)
#5 C:\wamp64\www\mixology\public\index.php(37): CodeIgniter\CodeIgniter->run()
#6 {main}
CRITICAL - 2022-05-07 08:51:41 --> Undefined variable: topRatedCocktails
#0 C:\wamp64\www\mixology\app\Views\search.php(196): CodeIgniter\Debug\Exceptions->errorHandler(8, 'Undefined varia...', 'C:\\wamp64\\www\\m...', 196, Array)
#1 C:\wamp64\www\mixology\system\View\View.php(210): include('C:\\wamp64\\www\\m...')
#2 C:\wamp64\www\mixology\system\View\View.php(213): CodeIgniter\View\View->CodeIgniter\View\{closure}()
#3 C:\wamp64\www\mixology\system\Common.php(1089): CodeIgniter\View\View->render('Views/search', Array, true)
#4 C:\wamp64\www\mixology\app\Controllers\GuestController.php(11): view('Views/search', Array)
#5 C:\wamp64\www\mixology\app\Controllers\GuestController.php(32): App\Controllers\GuestController->show('search', Array)
#6 C:\wamp64\www\mixology\system\CodeIgniter.php(832): App\Controllers\GuestController->search()
#7 C:\wamp64\www\mixology\system\CodeIgniter.php(419): CodeIgniter\CodeIgniter->runController(Object(App\Controllers\GuestController))
#8 C:\wamp64\www\mixology\system\CodeIgniter.php(326): CodeIgniter\CodeIgniter->handleRequest(NULL, Object(Config\Cache), false)
#9 C:\wamp64\www\mixology\public\index.php(37): CodeIgniter\CodeIgniter->run()
#10 {main}
CRITICAL - 2022-05-07 09:08:16 --> Undefined variable: messageResultNotFound
#0 C:\wamp64\www\mixology\app\Views\searchResults.php(192): CodeIgniter\Debug\Exceptions->errorHandler(8, 'Undefined varia...', 'C:\\wamp64\\www\\m...', 192, Array)
#1 C:\wamp64\www\mixology\system\View\View.php(210): include('C:\\wamp64\\www\\m...')
#2 C:\wamp64\www\mixology\system\View\View.php(213): CodeIgniter\View\View->CodeIgniter\View\{closure}()
#3 C:\wamp64\www\mixology\system\Common.php(1089): CodeIgniter\View\View->render('Views/searchRes...', Array, true)
#4 C:\wamp64\www\mixology\app\Controllers\GuestController.php(11): view('Views/searchRes...', Array)
#5 C:\wamp64\www\mixology\app\Controllers\GuestController.php(49): App\Controllers\GuestController->show('searchResults', Array)
#6 C:\wamp64\www\mixology\system\CodeIgniter.php(832): App\Controllers\GuestController->search()
#7 C:\wamp64\www\mixology\system\CodeIgniter.php(419): CodeIgniter\CodeIgniter->runController(Object(App\Controllers\GuestController))
#8 C:\wamp64\www\mixology\system\CodeIgniter.php(326): CodeIgniter\CodeIgniter->handleRequest(NULL, Object(Config\Cache), false)
#9 C:\wamp64\www\mixology\public\index.php(37): CodeIgniter\CodeIgniter->run()
#10 {main}
CRITICAL - 2022-05-07 09:09:06 --> Undefined variable: messageResultNotFound
#0 C:\wamp64\www\mixology\app\Views\searchResults.php(193): CodeIgniter\Debug\Exceptions->errorHandler(8, 'Undefined varia...', 'C:\\wamp64\\www\\m...', 193, Array)
#1 C:\wamp64\www\mixology\system\View\View.php(210): include('C:\\wamp64\\www\\m...')
#2 C:\wamp64\www\mixology\system\View\View.php(213): CodeIgniter\View\View->CodeIgniter\View\{closure}()
#3 C:\wamp64\www\mixology\system\Common.php(1089): CodeIgniter\View\View->render('Views/searchRes...', Array, true)
#4 C:\wamp64\www\mixology\app\Controllers\GuestController.php(11): view('Views/searchRes...', Array)
#5 C:\wamp64\www\mixology\app\Controllers\GuestController.php(49): App\Controllers\GuestController->show('searchResults', Array)
#6 C:\wamp64\www\mixology\system\CodeIgniter.php(832): App\Controllers\GuestController->search()
#7 C:\wamp64\www\mixology\system\CodeIgniter.php(419): CodeIgniter\CodeIgniter->runController(Object(App\Controllers\GuestController))
#8 C:\wamp64\www\mixology\system\CodeIgniter.php(326): CodeIgniter\CodeIgniter->handleRequest(NULL, Object(Config\Cache), false)
#9 C:\wamp64\www\mixology\public\index.php(37): CodeIgniter\CodeIgniter->run()
#10 {main}
