ERROR - 2022-05-12 09:30:19 --> Error connecting to the database: Access denied for user '****'@'localhost' (using password: NO)
CRITICAL - 2022-05-12 09:30:19 --> Unable to connect to the database.
Main connection [MySQLi]: Access denied for user '****'@'localhost' (using password: NO)
#0 C:\wamp64\www\mixology\system\Database\BaseConnection.php(577): CodeIgniter\Database\BaseConnection->initialize()
#1 C:\wamp64\www\mixology\system\Database\BaseBuilder.php(1455): CodeIgniter\Database\BaseConnection->query('SELECT *\nFROM `...', Array, false)
#2 C:\wamp64\www\mixology\app\Models\Model.php(45): CodeIgniter\Database\BaseBuilder->get()
#3 C:\wamp64\www\mixology\app\Controllers\GuestController.php(19): App\Models\Model->getTopRatedCocktails()
#4 C:\wamp64\www\mixology\system\CodeIgniter.php(832): App\Controllers\GuestController->index()
#5 C:\wamp64\www\mixology\system\CodeIgniter.php(419): CodeIgniter\CodeIgniter->runController(Object(App\Controllers\GuestController))
#6 C:\wamp64\www\mixology\system\CodeIgniter.php(326): CodeIgniter\CodeIgniter->handleRequest(NULL, Object(Config\Cache), false)
#7 C:\wamp64\www\mixology\public\index.php(37): CodeIgniter\CodeIgniter->run()
#8 {main}
ERROR - 2022-05-12 09:30:33 --> Error connecting to the database: Access denied for user '****'@'localhost' (using password: NO)
CRITICAL - 2022-05-12 09:30:33 --> Unable to connect to the database.
Main connection [MySQLi]: Access denied for user '****'@'localhost' (using password: NO)
#0 C:\wamp64\www\mixology\system\Database\BaseConnection.php(577): CodeIgniter\Database\BaseConnection->initialize()
#1 C:\wamp64\www\mixology\system\Database\BaseBuilder.php(1455): CodeIgniter\Database\BaseConnection->query('SELECT *\nFROM `...', Array, false)
#2 C:\wamp64\www\mixology\app\Models\Model.php(45): CodeIgniter\Database\BaseBuilder->get()
#3 C:\wamp64\www\mixology\app\Controllers\GuestController.php(19): App\Models\Model->getTopRatedCocktails()
#4 C:\wamp64\www\mixology\system\CodeIgniter.php(832): App\Controllers\GuestController->index()
#5 C:\wamp64\www\mixology\system\CodeIgniter.php(419): CodeIgniter\CodeIgniter->runController(Object(App\Controllers\GuestController))
#6 C:\wamp64\www\mixology\system\CodeIgniter.php(326): CodeIgniter\CodeIgniter->handleRequest(NULL, Object(Config\Cache), false)
#7 C:\wamp64\www\mixology\public\index.php(37): CodeIgniter\CodeIgniter->run()
#8 {main}
